<?xml version="1.0" encoding="UTF-8"?>
<!-- Generated by org.testng.reporters.JUnitXMLReporter -->
<testsuite ignored="21" hostname="IBM-21J0LQ3" failures="1" tests="3" name="Test" time="295.688" errors="0" timestamp="2022-12-23T21:51:26 IST">
  <testcase classname="com.ajio.qa.testcases.HomepageTest" name="verifyAccountIconTest" time="85.576"/>
  <testcase classname="com.ajio.qa.testcases.AccountPageTest" name="verifyReturnRefundPolicyLinkTest" time="5.306"/>
  <testcase classname="com.ajio.qa.testcases.ReturnRefundPolicyTest" name="verifyReturnRefundPolicyPageHeader" time="2.319">
    <failure type="java.lang.AssertionError" message="null">
      <![CDATA[java.lang.AssertionError: null
at com.ajio.qa.testcases.ReturnRefundPolicyTest.verifyReturnRefundPolicyPageHeader(ReturnRefundPolicyTest.java:33)
at java.base/java.util.ArrayList.forEach(ArrayList.java:1511)
... Removed 29 stack frames]]>
    </failure>
  </testcase> <!-- verifyReturnRefundPolicyPageHeader -->
  <testcase classname="com.ajio.qa.testcases.AccountPageTest" name="verifyAccountPageHeader" time="0.0">
    <ignored/>
  </testcase> <!-- verifyAccountPageHeader -->
  <testcase classname="com.ajio.qa.testcases.AccountPageTest" name="verifyReturnCreationDemoLinkTest" time="0.0">
    <ignored/>
  </testcase> <!-- verifyReturnCreationDemoLinkTest -->
  <testcase classname="com.ajio.qa.testcases.AccountPageTest" name="verifyNotificationsLinkTest" time="0.0">
    <ignored/>
  </testcase> <!-- verifyNotificationsLinkTest -->
  <testcase classname="com.ajio.qa.base.TestBase" name="@AfterTest endReport" time="0.0">
    <ignored/>
  </testcase> <!-- @AfterTest endReport -->
  <testcase classname="com.ajio.qa.base.TestBase" name="@AfterTest endReport" time="0.0">
    <ignored/>
  </testcase> <!-- @AfterTest endReport -->
  <testcase classname="com.ajio.qa.testcases.AccountPageTest" name="verifyJoinTeamLinkTest" time="0.0">
    <ignored/>
  </testcase> <!-- verifyJoinTeamLinkTest -->
  <testcase classname="com.ajio.qa.testcases.AccountPageTest" name="verifyCouponRedeemLinkTest" time="0.0">
    <ignored/>
  </testcase> <!-- verifyCouponRedeemLinkTest -->
  <testcase classname="com.ajio.qa.testcases.HomepageTest" name="verifyMenuIconTest" time="0.0">
    <ignored/>
  </testcase> <!-- verifyMenuIconTest -->
  <testcase classname="com.ajio.qa.testcases.AccountPageTest" name="verifyPrivacyPolicyLinkTest" time="0.0">
    <ignored/>
  </testcase> <!-- verifyPrivacyPolicyLinkTest -->
  <testcase classname="com.ajio.qa.testcases.AccountPageTest" name="verifyHowToReturnLinkTest" time="0.0">
    <ignored/>
  </testcase> <!-- verifyHowToReturnLinkTest -->
  <testcase classname="com.ajio.qa.testcases.AccountPageTest" name="verifyGameZoneLinkTest" time="0.0">
    <ignored/>
  </testcase> <!-- verifyGameZoneLinkTest -->
  <testcase classname="com.ajio.qa.testcases.AccountPageTest" name="verifyFeesAndPaymentsLinkTest" time="0.0">
    <ignored/>
  </testcase> <!-- verifyFeesAndPaymentsLinkTest -->
  <testcase classname="com.ajio.qa.base.TestBase" name="@BeforeTest setExtent" time="0.0">
    <ignored/>
  </testcase> <!-- @BeforeTest setExtent -->
  <testcase classname="com.ajio.qa.base.TestBase" name="@BeforeTest setExtent" time="0.0">
    <ignored/>
  </testcase> <!-- @BeforeTest setExtent -->
  <testcase classname="com.ajio.qa.testcases.AccountPageTest" name="verifyReferralLinkTest" time="0.0">
    <ignored/>
  </testcase> <!-- verifyReferralLinkTest -->
  <testcase classname="com.ajio.qa.testcases.AccountPageTest" name="verifyCustomerCareLinkTest" time="0.0">
    <ignored/>
  </testcase> <!-- verifyCustomerCareLinkTest -->
  <testcase classname="com.ajio.qa.testcases.AccountPageTest" name="verifyTermsandConditionsLinkTest" time="0.0">
    <ignored/>
  </testcase> <!-- verifyTermsandConditionsLinkTest -->
  <testcase classname="com.ajio.qa.testcases.AccountPageTest" name="verifyPromoTermsandConditionsLinkTest" time="0.0">
    <ignored/>
  </testcase> <!-- verifyPromoTermsandConditionsLinkTest -->
  <testcase classname="com.ajio.qa.testcases.AccountPageTest" name="verifyCouponQuestLinkTest" time="0.0">
    <ignored/>
  </testcase> <!-- verifyCouponQuestLinkTest -->
  <testcase classname="com.ajio.qa.testcases.HomepageTest" name="verifyPageLogoTest" time="0.0">
    <ignored/>
  </testcase> <!-- verifyPageLogoTest -->
  <testcase classname="com.ajio.qa.testcases.AccountPageTest" name="verifyAboutUsLinkTest" time="0.0">
    <ignored/>
  </testcase> <!-- verifyAboutUsLinkTest -->
</testsuite> <!-- Test -->
