<?xml version="1.0" encoding="UTF-8"?>
<testng-results ignored="21" total="24" passed="2" failed="1" skipped="0">
  <reporter-output>
  </reporter-output>
  <suite started-at="2022-12-23T21:46:30 IST" name="Suite" finished-at="2022-12-23T21:51:25 IST" duration-ms="295688">
    <groups>
    </groups>
    <test started-at="2022-12-23T21:46:30 IST" name="Test" finished-at="2022-12-23T21:51:25 IST" duration-ms="295688">
      <class name="com.ajio.qa.testcases.HomepageTest">
        <test-method is-config="true" signature="setExtent()[pri:0, instance:com.ajio.qa.testcases.HomepageTest@5d0a1059]" started-at="2022-12-23T21:46:30 IST" name="setExtent" finished-at="2022-12-23T21:46:30 IST" duration-ms="200" status="PASS">
          <reporter-output>
          </reporter-output>
        </test-method> <!-- setExtent -->
        <test-method is-config="true" signature="setup()[pri:0, instance:com.ajio.qa.testcases.HomepageTest@5d0a1059]" started-at="2022-12-23T21:46:30 IST" name="setup" finished-at="2022-12-23T21:46:39 IST" duration-ms="9232" status="PASS">
          <reporter-output>
          </reporter-output>
        </test-method> <!-- setup -->
        <test-method signature="verifyAccountIconTest()[pri:3, instance:com.ajio.qa.testcases.HomepageTest@5d0a1059]" started-at="2022-12-23T21:46:39 IST" name="verifyAccountIconTest" finished-at="2022-12-23T21:48:05 IST" duration-ms="85576" status="PASS">
          <reporter-output>
          </reporter-output>
        </test-method> <!-- verifyAccountIconTest -->
        <test-method is-config="true" signature="teardown(org.testng.ITestResult)[pri:0, instance:com.ajio.qa.testcases.HomepageTest@5d0a1059]" started-at="2022-12-23T21:48:05 IST" name="teardown" finished-at="2022-12-23T21:48:05 IST" duration-ms="476" status="PASS">
          <params>
            <param index="0">
              <value>
                <![CDATA[[TestResult name=verifyAccountIconTest status=SUCCESS method=HomepageTest.verifyAccountIconTest()[pri:3, instance:com.ajio.qa.testcases.HomepageTest@5d0a1059] output={null}]]]>
              </value>
            </param>
          </params>
          <reporter-output>
          </reporter-output>
        </test-method> <!-- teardown -->
        <test-method is-config="true" signature="endReport()[pri:0, instance:com.ajio.qa.testcases.HomepageTest@5d0a1059]" started-at="2022-12-23T21:51:25 IST" name="endReport" finished-at="2022-12-23T21:51:25 IST" duration-ms="175" status="PASS">
          <reporter-output>
          </reporter-output>
        </test-method> <!-- endReport -->
      </class> <!-- com.ajio.qa.testcases.HomepageTest -->
      <class name="com.ajio.qa.testcases.ReturnRefundPolicyTest">
        <test-method is-config="true" signature="setup()[pri:0, instance:com.ajio.qa.testcases.ReturnRefundPolicyTest@2805d709]" started-at="2022-12-23T21:49:45 IST" name="setup" finished-at="2022-12-23T21:51:22 IST" duration-ms="97601" status="PASS">
          <reporter-output>
          </reporter-output>
        </test-method> <!-- setup -->
        <test-method signature="verifyReturnRefundPolicyPageHeader()[pri:1, instance:com.ajio.qa.testcases.ReturnRefundPolicyTest@2805d709]" started-at="2022-12-23T21:51:22 IST" name="verifyReturnRefundPolicyPageHeader" finished-at="2022-12-23T21:51:24 IST" duration-ms="2319" status="FAIL">
          <exception class="java.lang.AssertionError">
            <message>
              <![CDATA[null]]>
            </message>
            <full-stacktrace>
              <![CDATA[java.lang.AssertionError: null
at org.testng.Assert.fail(Assert.java:99)
at org.testng.Assert.fail(Assert.java:106)
at com.ajio.qa.testcases.ReturnRefundPolicyTest.verifyReturnRefundPolicyPageHeader(ReturnRefundPolicyTest.java:33)
at java.base/jdk.internal.reflect.NativeMethodAccessorImpl.invoke0(Native Method)
at java.base/jdk.internal.reflect.NativeMethodAccessorImpl.invoke(NativeMethodAccessorImpl.java:77)
at java.base/jdk.internal.reflect.DelegatingMethodAccessorImpl.invoke(DelegatingMethodAccessorImpl.java:43)
at java.base/java.lang.reflect.Method.invoke(Method.java:568)
at org.testng.internal.MethodInvocationHelper.invokeMethod(MethodInvocationHelper.java:133)
at org.testng.internal.TestInvoker.invokeMethod(TestInvoker.java:598)
at org.testng.internal.TestInvoker.invokeTestMethod(TestInvoker.java:173)
at org.testng.internal.MethodRunner.runInSequence(MethodRunner.java:46)
at org.testng.internal.TestInvoker$MethodInvocationAgent.invoke(TestInvoker.java:824)
at org.testng.internal.TestInvoker.invokeTestMethods(TestInvoker.java:146)
at org.testng.internal.TestMethodWorker.invokeTestMethods(TestMethodWorker.java:146)
at org.testng.internal.TestMethodWorker.run(TestMethodWorker.java:128)
at java.base/java.util.ArrayList.forEach(ArrayList.java:1511)
at org.testng.TestRunner.privateRun(TestRunner.java:794)
at org.testng.TestRunner.run(TestRunner.java:596)
at org.testng.SuiteRunner.runTest(SuiteRunner.java:377)
at org.testng.SuiteRunner.runSequentially(SuiteRunner.java:371)
at org.testng.SuiteRunner.privateRun(SuiteRunner.java:332)
at org.testng.SuiteRunner.run(SuiteRunner.java:276)
at org.testng.SuiteRunnerWorker.runSuite(SuiteRunnerWorker.java:53)
at org.testng.SuiteRunnerWorker.run(SuiteRunnerWorker.java:96)
at org.testng.TestNG.runSuitesSequentially(TestNG.java:1212)
at org.testng.TestNG.runSuitesLocally(TestNG.java:1134)
at org.testng.TestNG.runSuites(TestNG.java:1063)
at org.testng.TestNG.run(TestNG.java:1031)
at org.testng.remote.AbstractRemoteTestNG.run(AbstractRemoteTestNG.java:115)
at org.testng.remote.RemoteTestNG.initAndRun(RemoteTestNG.java:251)
at org.testng.remote.RemoteTestNG.main(RemoteTestNG.java:77)
]]>
            </full-stacktrace>
          </exception> <!-- java.lang.AssertionError -->
          <reporter-output>
          </reporter-output>
        </test-method> <!-- verifyReturnRefundPolicyPageHeader -->
        <test-method is-config="true" signature="teardown(org.testng.ITestResult)[pri:0, instance:com.ajio.qa.testcases.ReturnRefundPolicyTest@2805d709]" started-at="2022-12-23T21:51:24 IST" name="teardown" finished-at="2022-12-23T21:51:25 IST" duration-ms="866" status="PASS">
          <params>
            <param index="0">
              <value>
                <![CDATA[[TestResult name=verifyReturnRefundPolicyPageHeader status=FAILURE method=ReturnRefundPolicyTest.verifyReturnRefundPolicyPageHeader()[pri:1, instance:com.ajio.qa.testcases.ReturnRefundPolicyTest@2805d709] output={null}]]]>
              </value>
            </param>
          </params>
          <reporter-output>
          </reporter-output>
        </test-method> <!-- teardown -->
      </class> <!-- com.ajio.qa.testcases.ReturnRefundPolicyTest -->
      <class name="com.ajio.qa.testcases.AccountPageTest">
        <test-method is-config="true" signature="setup()[pri:0, instance:com.ajio.qa.testcases.AccountPageTest@6e0f5f7f]" started-at="2022-12-23T21:48:05 IST" name="setup" finished-at="2022-12-23T21:49:39 IST" duration-ms="93473" status="PASS">
          <reporter-output>
          </reporter-output>
        </test-method> <!-- setup -->
        <test-method signature="verifyReturnRefundPolicyLinkTest()[pri:12, instance:com.ajio.qa.testcases.AccountPageTest@6e0f5f7f]" started-at="2022-12-23T21:49:39 IST" name="verifyReturnRefundPolicyLinkTest" finished-at="2022-12-23T21:49:44 IST" duration-ms="5306" status="PASS">
          <reporter-output>
          </reporter-output>
        </test-method> <!-- verifyReturnRefundPolicyLinkTest -->
        <test-method is-config="true" signature="teardown(org.testng.ITestResult)[pri:0, instance:com.ajio.qa.testcases.AccountPageTest@6e0f5f7f]" started-at="2022-12-23T21:49:44 IST" name="teardown" finished-at="2022-12-23T21:49:45 IST" duration-ms="439" status="PASS">
          <params>
            <param index="0">
              <value>
                <![CDATA[[TestResult name=verifyReturnRefundPolicyLinkTest status=SUCCESS method=AccountPageTest.verifyReturnRefundPolicyLinkTest()[pri:12, instance:com.ajio.qa.testcases.AccountPageTest@6e0f5f7f] output={null}]]]>
              </value>
            </param>
          </params>
          <reporter-output>
          </reporter-output>
        </test-method> <!-- teardown -->
      </class> <!-- com.ajio.qa.testcases.AccountPageTest -->
    </test> <!-- Test -->
  </suite> <!-- Suite -->
</testng-results>
